#
# There is insufficient memory for the Java Runtime Environment to continue.
# Native memory allocation (mmap) failed to map 268435456 bytes for Failed to commit area from 0x0000000701c00000 to 0x0000000711c00000 of length 268435456.
# Possible reasons:
#   The system is out of physical RAM or swap space
#   The process is running with CompressedOops enabled, and the Java Heap may be blocking the growth of the native heap
# Possible solutions:
#   Reduce memory load on the system
#   Increase physical memory or swap space
#   Check if swap backing store is full
#   Decrease Java heap size (-Xmx/-Xms)
#   Decrease number of Java threads
#   Decrease Java thread stack sizes (-Xss)
#   Set larger code cache with -XX:ReservedCodeCacheSize=
# This output file may be truncated or incomplete.
#
#  Out of Memory Error (./src/hotspot/os/windows/os_windows.cpp:3303), pid=40000, tid=39616
#
# JRE version:  (11.0.7+10) (build )
# Java VM: OpenJDK 64-Bit Server VM (11.0.7+10-b765.53, mixed mode, sharing, tiered, compressed oops, g1 gc, windows-amd64)
# No core dump will be written. Minidumps are not enabled by default on client versions of Windows
#

---------------  S U M M A R Y ------------

Command Line: org.jetbrains.git4idea.http.GitAskPassApp Username for 'https://github.com': 

Host: Intel(R) Core(TM) i7-7700HQ CPU @ 2.80GHz, 8 cores, 15G,  Windows 10 , 64 bit Build 18362 (10.0.18362.959)
Time: Tue Aug  4 22:31:41 2020 Romanski czas letni elapsed time: 0 seconds (0d 0h 0m 0s)

---------------  T H R E A D  ---------------

Current thread (0x00000265c20fd000):  JavaThread "Unknown thread" [_thread_in_vm, id=39616, stack(0x000000c2c3200000,0x000000c2c3300000)]

Stack: [0x000000c2c3200000,0x000000c2c3300000]
Native frames: (J=compiled Java code, j=interpreted, Vv=VM code, C=native code)
V  [jvm.dll+0x5dda4a]
V  [jvm.dll+0x711595]
V  [jvm.dll+0x712aed]
V  [jvm.dll+0x7131a3]
V  [jvm.dll+0x23e368]
V  [jvm.dll+0x5daf04]
V  [jvm.dll+0x5d0085]
V  [jvm.dll+0x2fb0cb]
V  [jvm.dll+0x2fb03a]
V  [jvm.dll+0x2faf12]
V  [jvm.dll+0x2ffdf6]
V  [jvm.dll+0x348393]
V  [jvm.dll+0x348a96]
V  [jvm.dll+0x348493]
V  [jvm.dll+0x2d59e8]
V  [jvm.dll+0x2d6b87]
V  [jvm.dll+0x6f04e7]
V  [jvm.dll+0x6f1cdc]
V  [jvm.dll+0x355909]
V  [jvm.dll+0x6d42ae]
V  [jvm.dll+0x3bda13]
V  [jvm.dll+0x3bfc51]
C  [jli.dll+0x5363]
C  [ucrtbase.dll+0x20e82]
C  [KERNEL32.DLL+0x17bd4]
C  [ntdll.dll+0x6ce51]


---------------  P R O C E S S  ---------------

Threads class SMR info:
_java_thread_list=0x00000265c1f20af0, length=0, elements={
}

Java Threads: ( => current thread )

Other Threads:
  0x00000265c2116000 GCTaskThread "GC Thread#0" [stack: 0x000000c2c3300000,0x000000c2c3400000] [id=6480]
  0x00000265c2176800 ConcurrentGCThread "G1 Main Marker" [stack: 0x000000c2c3400000,0x000000c2c3500000] [id=37172]
  0x00000265c2178000 ConcurrentGCThread "G1 Conc#0" [stack: 0x000000c2c3500000,0x000000c2c3600000] [id=9092]

[error occurred during error reporting (printing all threads), id 0xc0000005, EXCEPTION_ACCESS_VIOLATION (0xc0000005) at pc=0x00007ffe06a75fc7]

VM state:not at safepoint (not fully initialized)

VM Mutex/Monitor currently owned by a thread:  ([mutex/lock_event])
[0x00000265c20fa920] Heap_lock - owner thread: 0x00000265c20fd000

Heap address: 0x0000000701c00000, size: 4068 MB, Compressed Oops mode: Non-zero based: 0x0000000701c00000
Narrow klass base: 0x0000000000000000, Narrow klass shift: 0

GC Heap History (0 events):
No events

Deoptimization events (0 events):
No events

Classes redefined (0 events):
No events

Internal exceptions (0 events):
No events

Events (2 events):
Event: 0.012 Loaded shared library C:\Program Files\JetBrains\IntelliJ IDEA 2020.1.1\jbr\bin\zip.dll
Event: 0.013 Loaded shared library C:\Program Files\JetBrains\IntelliJ IDEA 2020.1.1\jbr\bin\jimage.dll


Dynamic libraries:
0x00007ff730df0000 - 0x00007ff730dfa000 	C:\Program Files\JetBrains\IntelliJ IDEA 2020.1.1\jbr\bin\java.exe
0x00007ffe61fa0000 - 0x00007ffe62190000 	C:\WINDOWS\SYSTEM32\ntdll.dll
0x00007ffe61130000 - 0x00007ffe611e2000 	C:\WINDOWS\System32\KERNEL32.DLL
0x00007ffe5f360000 - 0x00007ffe5f604000 	C:\WINDOWS\System32\KERNELBASE.dll
0x00007ffe5ef50000 - 0x00007ffe5f04a000 	C:\WINDOWS\System32\ucrtbase.dll
0x00007ffe2f620000 - 0x00007ffe2f637000 	C:\Program Files\JetBrains\IntelliJ IDEA 2020.1.1\jbr\bin\VCRUNTIME140.dll
0x00007ffe59810000 - 0x00007ffe59829000 	C:\Program Files\JetBrains\IntelliJ IDEA 2020.1.1\jbr\bin\jli.dll
0x00007ffe61660000 - 0x00007ffe617f4000 	C:\WINDOWS\System32\USER32.dll
0x00007ffe5ef20000 - 0x00007ffe5ef41000 	C:\WINDOWS\System32\win32u.dll
0x00007ffe60960000 - 0x00007ffe60986000 	C:\WINDOWS\System32\GDI32.dll
0x00007ffe55860000 - 0x00007ffe55ae4000 	C:\WINDOWS\WinSxS\amd64_microsoft.windows.common-controls_6595b64144ccf1df_6.0.18362.959_none_e6c7bbbf130c62bb\COMCTL32.dll
0x00007ffe5f720000 - 0x00007ffe5f8b6000 	C:\WINDOWS\System32\gdi32full.dll
0x00007ffe618c0000 - 0x00007ffe6195e000 	C:\WINDOWS\System32\msvcrt.dll
0x00007ffe5f0a0000 - 0x00007ffe5f13e000 	C:\WINDOWS\System32\msvcp_win.dll
0x00007ffe60df0000 - 0x00007ffe61125000 	C:\WINDOWS\System32\combase.dll
0x00007ffe61d70000 - 0x00007ffe61e90000 	C:\WINDOWS\System32\RPCRT4.dll
0x00007ffe5f2e0000 - 0x00007ffe5f360000 	C:\WINDOWS\System32\bcryptPrimitives.dll
0x00007ffe60ac0000 - 0x00007ffe60aee000 	C:\WINDOWS\System32\IMM32.DLL
0x00007ffe197c0000 - 0x00007ffe1985d000 	C:\Program Files\JetBrains\IntelliJ IDEA 2020.1.1\jbr\bin\msvcp140.dll
0x00007ffe06790000 - 0x00007ffe0724b000 	C:\Program Files\JetBrains\IntelliJ IDEA 2020.1.1\jbr\bin\server\jvm.dll
0x00007ffe61a00000 - 0x00007ffe61aa3000 	C:\WINDOWS\System32\ADVAPI32.dll
0x00007ffe61b10000 - 0x00007ffe61ba7000 	C:\WINDOWS\System32\sechost.dll
0x00007ffe61800000 - 0x00007ffe61808000 	C:\WINDOWS\System32\PSAPI.DLL
0x00007ffe56720000 - 0x00007ffe56744000 	C:\WINDOWS\SYSTEM32\WINMM.dll
0x00007ffe52d40000 - 0x00007ffe52d49000 	C:\WINDOWS\SYSTEM32\WSOCK32.dll
0x00007ffe59f00000 - 0x00007ffe59f0a000 	C:\WINDOWS\SYSTEM32\VERSION.dll
0x00007ffe608f0000 - 0x00007ffe6095f000 	C:\WINDOWS\System32\WS2_32.dll
0x00007ffe561e0000 - 0x00007ffe5620d000 	C:\WINDOWS\SYSTEM32\WINMMBASE.dll
0x00007ffe5f050000 - 0x00007ffe5f09a000 	C:\WINDOWS\System32\cfgmgr32.dll
0x00007ffe5ee80000 - 0x00007ffe5ee91000 	C:\WINDOWS\System32\kernel.appcore.dll
0x00007ffe5ac90000 - 0x00007ffe5aca1000 	C:\Program Files\JetBrains\IntelliJ IDEA 2020.1.1\jbr\bin\verify.dll
0x00007ffe5d770000 - 0x00007ffe5d964000 	C:\WINDOWS\SYSTEM32\DBGHELP.DLL
0x00007ffe58640000 - 0x00007ffe5866a000 	C:\WINDOWS\SYSTEM32\dbgcore.DLL
0x00007ffe5ac60000 - 0x00007ffe5ac89000 	C:\Program Files\JetBrains\IntelliJ IDEA 2020.1.1\jbr\bin\java.dll
0x00007ffe54600000 - 0x00007ffe54618000 	C:\Program Files\JetBrains\IntelliJ IDEA 2020.1.1\jbr\bin\zip.dll
0x00007ffe5ae90000 - 0x00007ffe5ae9b000 	C:\Program Files\JetBrains\IntelliJ IDEA 2020.1.1\jbr\bin\jimage.dll

dbghelp: loaded successfully - version: 4.0.5 - missing functions: none
symbol engine: initialized successfully - sym options: 0x614 - pdb path: .;C:\Program Files\JetBrains\IntelliJ IDEA 2020.1.1\jbr\bin;C:\WINDOWS\SYSTEM32;C:\WINDOWS\WinSxS\amd64_microsoft.windows.common-controls_6595b64144ccf1df_6.0.18362.959_none_e6c7bbbf130c62bb;C:\Program Files\JetBrains\IntelliJ IDEA 2020.1.1\jbr\bin\server

VM Arguments:
java_command: org.jetbrains.git4idea.http.GitAskPassApp Username for 'https://github.com': 
java_class_path (initial): C:/Program Files/JetBrains/IntelliJ IDEA 2020.1.1/plugins/git4idea/lib/git4idea-rt.jar;C:/Program Files/JetBrains/IntelliJ IDEA 2020.1.1/lib/xmlrpc-2.0.1.jar;C:/Program Files/JetBrains/IntelliJ IDEA 2020.1.1/lib/commons-codec-1.14.jar;C:/Program Files/JetBrains/IntelliJ IDEA 2020.1.1/lib/util.jar
Launcher Type: SUN_STANDARD

[Global flags]
     intx CICompilerCount                          = 4                                         {product} {ergonomic}
     uint ConcGCThreads                            = 2                                         {product} {ergonomic}
     uint G1ConcRefinementThreads                  = 8                                         {product} {ergonomic}
   size_t G1HeapRegionSize                         = 1048576                                   {product} {ergonomic}
    uintx GCDrainStackTargetSize                   = 64                                        {product} {ergonomic}
   size_t InitialHeapSize                          = 268435456                                 {product} {ergonomic}
   size_t MarkStackSize                            = 4194304                                   {product} {ergonomic}
   size_t MaxHeapSize                              = 4265607168                                {product} {ergonomic}
   size_t MinHeapDeltaBytes                        = 1048576                                   {product} {ergonomic}
    uintx NonNMethodCodeHeapSize                   = 5836300                                {pd product} {ergonomic}
    uintx NonProfiledCodeHeapSize                  = 122910970                              {pd product} {ergonomic}
    uintx ProfiledCodeHeapSize                     = 122910970                              {pd product} {ergonomic}
    uintx ReservedCodeCacheSize                    = 251658240                              {pd product} {ergonomic}
     bool SegmentedCodeCache                       = true                                      {product} {ergonomic}
     bool UseCompressedClassPointers               = true                                 {lp64_product} {ergonomic}
     bool UseCompressedOops                        = true                                 {lp64_product} {ergonomic}
     bool UseG1GC                                  = true                                      {product} {ergonomic}
     bool UseLargePagesIndividualAllocation        = false                                  {pd product} {ergonomic}

Logging:
Log output configuration:
 #0: stdout all=warning uptime,level,tags
 #1: stderr all=off uptime,level,tags

Environment Variables:
JAVA_HOME=C:\Users\dszma\.jdks\openjdk-14.0.1
PATH=C:\Program Files\Git\mingw64\libexec\git-core;C:\Program Files\Git\mingw64\libexec\git-core;C:\Program Files\Git\mingw64\bin;C:\Program Files\Git\usr\bin;C:\Users\dszma\bin;C:\Python38\Scripts;C:\Python38;C:\Program Files (x86)\Intel\iCLS Client;C:\Program Files\Intel\iCLS Client;C:\windows\system32;C:\windows;C:\windows\System32\Wbem;C:\windows\System32\WindowsPowerShell\v1.0;C:\Program Files (x86)\Intel\Intel(R) Management Engine Components\DAL;C:\Program Files\Intel\Intel(R) Management Engine Components\DAL;C:\Program Files (x86)\Intel\Intel(R) Management Engine Components\IPT;C:\Program Files\Intel\Intel(R) Management Engine Components\IPT;C:\Program Files (x86)\NVIDIA Corporation\PhysX\Common;C:\Program Files\Intel\WiFi\bin;C:\Program Files\Common Files\Intel\WirelessCommon;C:\WINDOWS\system32;C:\WINDOWS;C:\WINDOWS\System32\Wbem;C:\WINDOWS\System32\WindowsPowerShell\v1.0;C:\WINDOWS\System32\OpenSSH;C:\Program Files\NVIDIA Corporation\NVIDIA NvDLISR;C:\Program Files\Git\cmd;D:\apache-maven-3.6.3\bin;C:\Users\dszma\.jdks\openjdk-14.0.1\bin;C:\Program Files\nodejs;C:\ProgramData\chocolatey\bin;C:\Users\dszma\AppData\Local\Microsoft\WindowsApps;C:\Program Files\JetBrains\IntelliJ IDEA 2020.1.1\bin;C:\Program Files\heroku\bin;C:\Users\dszma\AppData\Roaming\npm
USERNAME=dszma
DISPLAY=:0.0
OS=Windows_NT
PROCESSOR_IDENTIFIER=Intel64 Family 6 Model 158 Stepping 9, GenuineIntel



---------------  S Y S T E M  ---------------

OS: Windows 10 , 64 bit Build 18362 (10.0.18362.959)
OS uptime: 17 days 15:39 hours

CPU:total 8 (initial active 8) (4 cores per cpu, 2 threads per core) family 6 model 158 stepping 9, cmov, cx8, fxsr, mmx, sse, sse2, sse3, ssse3, sse4.1, sse4.2, popcnt, avx, avx2, aes, clmul, erms, 3dnowpref, lzcnt, ht, tsc, tscinvbit, bmi1, bmi2, adx, fma

Memory: 4k page, system-wide physical 16269M (3026M free)
TotalPageFile size 31374M (AvailPageFile size 89M)
current process WorkingSet (physical memory assigned to process): 10M, peak: 10M
current process commit charge ("private bytes"): 60M, peak: 316M

vm_info: OpenJDK 64-Bit Server VM (11.0.7+10-b765.53) for windows-amd64 JRE (11.0.7+10-b765.53), built on May 12 2020 04:38:25 by "" with MS VC++ 14.0 (VS2015)

END.
